
capitoneshirt.com_20250905_110015_77_images.zip
geekteesus.com_20250905_105521_24_images.zip
serenashirt.com_20250905_105813_82_images.zip
techteesusa.com_20250905_105608_58_images.zip
teleteeshirt.com_20250905_110017_99_images.zip
nowbestshirt.com_20250905_120700_166_images.zip
teeworksusa.com_20250905_120025_109_images.zip
teleteeshirt.com_20250905_121123_10_images.zip
clickoneshirt.com_20250905_131605_100_images.zip
nowbestshirt.com_20250905_131536_37_images.zip
teespix.com_20250905_131221_120_images.zip
teeworksusa.com_20250905_131213_2_images.zip
teleteeshirt.com_20250905_131857_90_images.zip
capitoneshirt.com_20250905_140330_100_images.zip
clickoneshirt.com_20250905_140545_2_images.zip
teeworksusa.com_20250905_140123_101_images.zip
teleteeshirt.com_20250905_140549_10_images.zip
teleteeshirt.com_20250905_142112_6_images.zip
nowbestshirt.com_20250905_144852_1_images.zip
teleteeshirt.com_20250905_144854_17_images.zip
serenashirt.com_20250905_153051_60_images.zip
serenashirt.com_20250905_154643_54_images.zip
teeextra.com_20250905_162746_8_images.zip
techteesusa.com_20250906_032044_13_images.zip
dreameshirt.com_20250906_044120_15_images.zip
teespix.com_20250906_044152_61_images.zip
clickoneshirt.com_20250906_055607_97_images.zip
techteesusa.com_20250906_054839_92_images.zip
teeextra.com_20250906_055306_32_images.zip
teespix.com_20250906_055341_53_images.zip
teeworksusa.com_20250906_055144_72_images.zip
techteesusa.com_20250906_064339_46_images.zip
teeworksusa.com_20250906_064506_5_images.zip
